SF:lib\core\error\failure.dart
DA:40,5
DA:45,0
DA:46,0
DA:50,0
DA:59,5
DA:66,0
DA:72,1
LF:7
LH:3
end_of_record
SF:lib\features\auth\domain\use_case\delete_user_usecase.dart
DA:10,1
DA:12,0
DA:14,0
DA:15,0
DA:21,1
DA:23,1
DA:25,3
LF:7
LH:4
end_of_record
SF:lib\features\auth\domain\entity\auth_entity.dart
DA:57,12
DA:71,0
DA:86,1
DA:87,1
DA:88,1
DA:89,1
DA:90,1
DA:91,1
DA:92,1
DA:93,1
DA:94,1
DA:95,1
DA:96,1
DA:97,1
LF:14
LH:13
end_of_record
SF:lib\features\auth\domain\use_case\get_all_user_usecase.dart
DA:9,1
DA:11,1
DA:13,2
LF:3
LH:3
end_of_record
SF:lib\features\auth\domain\use_case\login_usecase.dart
DA:12,2
DA:18,0
DA:22,0
DA:23,0
DA:30,1
DA:32,1
DA:35,1
DA:36,3
DA:37,2
DA:38,1
DA:39,0
DA:40,1
DA:41,2
DA:45,1
LF:14
LH:10
end_of_record
SF:lib\app\shared_prefs\token_shared_prefs.dart
DA:9,0
DA:11,0
DA:13,0
DA:14,0
DA:16,0
DA:20,0
DA:22,0
DA:23,0
DA:25,0
LF:9
LH:0
end_of_record
SF:lib\features\auth\domain\use_case\register_user_usecase.dart
DA:19,8
DA:32,0
DA:45,0
DA:59,0
DA:61,0
DA:67,1
DA:69,1
DA:71,1
DA:72,1
DA:73,1
DA:74,1
DA:75,1
DA:76,1
DA:77,1
DA:78,1
DA:79,1
DA:80,1
DA:82,2
LF:18
LH:14
end_of_record
SF:lib\features\auth\domain\use_case\upload_image_usecase.dart
DA:11,2
DA:20,1
DA:22,1
DA:24,3
LF:4
LH:4
end_of_record
SF:lib\features\auth\presentation\view_model\login\login_state.dart
DA:7,1
DA:12,1
DA:16,1
DA:20,1
DA:21,0
DA:22,1
LF:6
LH:5
end_of_record
SF:lib\features\auth\presentation\view_model\login\login_event.dart
DA:4,1
DA:6,0
DA:7,0
DA:14,1
DA:24,1
DA:35,1
LF:6
LH:4
end_of_record
SF:lib\features\auth\presentation\view_model\login\login_bloc.dart
DA:18,1
DA:25,2
DA:26,1
DA:27,1
DA:28,1
DA:29,1
DA:30,1
DA:31,0
DA:32,0
DA:33,0
DA:35,0
DA:42,1
DA:43,1
DA:44,1
DA:45,1
DA:46,1
DA:47,0
DA:48,0
DA:49,0
DA:56,1
DA:57,1
DA:58,3
DA:59,2
DA:60,1
DA:61,1
DA:62,1
DA:66,0
DA:67,0
DA:68,0
DA:69,0
DA:70,0
DA:75,0
DA:76,0
DA:77,0
DA:78,0
DA:79,0
DA:80,0
LF:37
LH:19
end_of_record
SF:lib\features\auth\presentation\view_model\signup\register_event.dart
DA:117,1
DA:119,0
DA:120,0
DA:126,1
DA:142,1
LF:5
LH:3
end_of_record
SF:lib\features\auth\presentation\view_model\signup\register_state.dart
DA:43,3
DA:50,2
DA:56,1
DA:62,1
DA:63,0
DA:64,1
DA:65,1
DA:66,1
DA:70,1
DA:71,5
LF:10
LH:9
end_of_record
SF:lib\features\auth\presentation\view_model\signup\register_bloc.dart
DA:219,1
DA:224,2
DA:225,2
DA:226,2
DA:229,1
DA:233,3
DA:235,3
DA:236,1
DA:237,1
DA:238,1
DA:239,1
DA:240,2
DA:241,1
DA:242,1
DA:243,1
DA:244,1
DA:247,1
DA:248,1
DA:249,3
DA:250,1
DA:251,2
DA:253,1
DA:254,3
DA:257,2
DA:258,0
DA:259,0
DA:260,0
DA:266,1
DA:270,3
DA:272,2
DA:273,2
DA:276,1
DA:277,4
DA:278,1
DA:279,3
LF:35
LH:32
end_of_record
SF:lib\features\home\presentation\view_model\home_cubit.dart
DA:6,0
DA:8,0
DA:9,0
DA:13,0
DA:14,0
LF:5
LH:0
end_of_record
SF:lib\core\common\snackbar\snackbar.dart
DA:3,0
DA:4,0
DA:6,1
DA:11,1
DA:13,1
DA:14,1
DA:15,1
LF:7
LH:5
end_of_record
SF:lib\features\auth\presentation\view\login_view.dart
DA:7,1
DA:15,1
DA:17,1
DA:18,1
DA:19,1
DA:20,1
DA:21,1
DA:22,1
DA:23,1
DA:25,1
DA:26,1
DA:34,1
DA:35,1
DA:37,1
DA:42,0
DA:43,0
DA:49,1
DA:50,1
DA:52,1
DA:54,1
DA:57,0
DA:58,0
DA:64,1
DA:65,1
DA:66,0
DA:67,0
DA:68,0
DA:69,0
DA:71,0
DA:72,0
DA:91,1
DA:93,0
DA:94,0
DA:95,0
DA:96,0
LF:35
LH:21
end_of_record
SF:lib\features\auth\presentation\view\register_view.dart
DA:462,1
DA:464,1
DA:465,1
DA:482,0
DA:483,0
DA:484,0
DA:488,0
DA:489,0
DA:491,0
DA:492,0
DA:495,0
DA:499,1
DA:501,1
DA:502,1
DA:503,1
DA:504,1
DA:505,1
DA:506,1
DA:507,0
DA:514,0
DA:515,0
DA:519,1
DA:520,1
DA:522,1
DA:523,1
DA:524,1
DA:526,1
DA:527,1
DA:528,1
DA:529,0
DA:530,0
DA:532,0
DA:534,0
DA:537,0
DA:538,0
DA:539,0
DA:540,0
DA:541,0
DA:542,0
DA:547,0
DA:548,0
DA:549,0
DA:550,0
DA:560,1
DA:562,1
DA:563,0
DA:570,1
DA:571,1
DA:573,1
DA:574,1
DA:577,1
DA:578,1
DA:581,1
DA:582,1
DA:585,1
DA:586,1
DA:589,1
DA:590,1
DA:593,1
DA:594,1
DA:596,1
DA:597,1
DA:600,1
DA:601,1
DA:604,2
DA:607,1
DA:608,1
DA:610,1
DA:611,1
DA:614,1
DA:615,1
DA:617,1
DA:618,1
DA:621,1
DA:622,1
DA:625,1
DA:626,1
DA:629,1
DA:630,1
DA:631,1
DA:633,1
DA:634,1
DA:636,1
DA:637,3
DA:638,1
DA:639,1
DA:640,1
DA:648,0
DA:649,0
DA:651,0
DA:652,0
DA:654,0
DA:656,0
DA:657,0
DA:659,0
DA:660,0
DA:661,0
DA:667,1
LF:98
LH:62
end_of_record
SF:lib\features\home\presentation\view\home_view.dart
DA:9,0
DA:13,0
DA:15,0
DA:16,0
DA:19,0
DA:20,0
DA:22,0
DA:24,0
DA:30,0
DA:33,0
DA:34,0
DA:35,0
DA:39,0
DA:40,0
DA:42,0
DA:43,0
DA:44,0
DA:59,0
DA:60,0
DA:61,0
DA:63,0
DA:64,0
LF:22
LH:0
end_of_record
SF:lib\features\home\presentation\view_model\home_state.dart
DA:8,0
DA:14,0
DA:15,0
DA:17,0
DA:24,0
DA:28,0
DA:29,0
DA:30,0
DA:34,0
DA:35,0
LF:10
LH:0
end_of_record
SF:lib\app\app.dart
DA:9,1
DA:11,1
DA:13,0
DA:16,1
DA:17,0
DA:18,2
DA:19,0
LF:7
LH:4
end_of_record
SF:lib\app\di\di.dart
DA:20,3
DA:22,0
DA:25,0
DA:26,0
DA:27,0
DA:30,0
DA:31,0
DA:32,0
DA:35,0
DA:36,0
DA:39,0
DA:40,0
DA:43,0
DA:45,0
DA:46,0
DA:50,0
DA:51,0
DA:52,0
DA:55,0
DA:56,0
DA:57,0
DA:61,0
DA:64,0
DA:65,0
DA:68,0
DA:69,0
DA:74,0
DA:75,0
DA:77,0
DA:78,0
DA:82,0
DA:83,0
DA:84,0
DA:88,0
DA:89,0
DA:90,0
DA:94,0
DA:95,0
DA:96,0
DA:97,0
DA:102,0
DA:104,0
DA:105,0
DA:109,0
DA:110,0
DA:111,0
DA:112,0
DA:116,0
DA:117,0
DA:118,0
DA:119,0
DA:120,0
DA:125,0
DA:126,0
DA:127,0
DA:131,0
DA:132,0
DA:133,0
LF:58
LH:1
end_of_record
SF:lib\core\theme\app_theme.dart
DA:8,0
DA:10,1
DA:11,1
DA:14,1
DA:31,1
DA:32,1
DA:41,1
DA:42,1
DA:48,1
DA:51,1
DA:52,1
DA:53,2
DA:55,1
DA:56,1
DA:59,1
DA:60,1
DA:63,1
DA:64,1
DA:67,1
DA:68,1
DA:71,1
DA:73,1
DA:82,1
DA:83,1
DA:93,1
DA:94,1
DA:96,1
DA:98,1
DA:99,0
LF:29
LH:27
end_of_record
SF:lib\features\splash\presentation\view\splash_screen_view.dart
DA:6,0
DA:8,0
DA:9,0
DA:13,0
DA:15,0
DA:16,0
DA:19,0
DA:21,0
DA:22,0
DA:33,0
DA:34,0
DA:36,0
DA:38,0
DA:44,0
LF:14
LH:0
end_of_record
SF:lib\features\splash\presentation\view_model\splash_cubit.dart
DA:6,0
DA:8,0
DA:9,0
DA:10,0
DA:11,0
DA:13,0
DA:14,0
LF:7
LH:0
end_of_record
SF:lib\app\constants\api_endpoints.dart
DA:2,0
LF:1
LH:0
end_of_record
SF:lib\app\constants\hive_table_constant.dart
DA:2,0
LF:1
LH:0
end_of_record
SF:lib\core\network\api_service.dart
DA:10,0
DA:12,0
DA:13,0
DA:14,0
DA:15,0
DA:16,0
DA:17,0
DA:18,0
DA:20,0
LF:9
LH:0
end_of_record
SF:lib\core\network\hive_service.dart
DA:7,0
DA:9,0
DA:10,0
DA:13,0
DA:17,0
DA:22,0
DA:23,0
DA:24,0
DA:27,0
DA:28,0
DA:29,0
DA:32,0
DA:33,0
DA:34,0
DA:38,0
DA:39,0
DA:41,0
DA:42,0
DA:43,0
LF:19
LH:0
end_of_record
SF:lib\features\auth\data\data_source\local_data_source\auth_local_datasource.dart
DA:11,0
DA:13,0
DA:16,0
DA:30,0
DA:33,0
DA:34,0
DA:36,0
DA:40,0
DA:44,0
DA:46,0
DA:47,0
DA:49,0
DA:53,0
DA:55,0
LF:14
LH:0
end_of_record
SF:lib\features\auth\data\data_source\remote_data_source\auth_remote_datasource.dart
DA:11,0
DA:13,0
DA:16,0
DA:18,0
DA:19,0
DA:20,0
DA:21,0
DA:22,0
DA:23,0
DA:24,0
DA:25,0
DA:26,0
DA:27,0
DA:31,0
DA:34,0
DA:36,0
DA:37,0
DA:39,0
DA:43,0
DA:45,0
DA:48,0
DA:51,0
DA:53,0
DA:59,0
DA:60,0
DA:63,0
DA:65,0
DA:66,0
DA:68,0
DA:72,0
DA:75,0
DA:76,0
DA:77,0
DA:78,0
DA:79,0
DA:85,0
DA:90,0
DA:91,0
DA:94,0
DA:96,0
DA:97,0
DA:99,0
LF:42
LH:0
end_of_record
SF:lib\features\auth\data\repository\auth_local_repository\auth_local_repository.dart
DA:12,0
DA:14,0
DA:17,0
DA:18,0
DA:20,0
DA:24,0
DA:30,0
DA:31,0
DA:33,0
DA:37,0
DA:40,0
DA:42,0
DA:46,0
DA:49,0
DA:52,0
DA:55,0
DA:58,0
DA:61,0
LF:18
LH:0
end_of_record
SF:lib\features\auth\data\repository\auth_remote_repository\auth_remote_repository.dart
DA:12,0
DA:14,0
DA:17,0
DA:18,0
DA:20,0
DA:24,0
DA:27,0
DA:30,0
DA:35,0
DA:36,0
DA:38,0
DA:42,0
DA:45,0
DA:46,0
DA:48,0
DA:52,0
DA:55,0
DA:58,0
DA:61,0
LF:19
LH:0
end_of_record
SF:lib\features\onboarding\presentation\view_model\onboarding_state.dart
DA:7,0
LF:1
LH:0
end_of_record
SF:lib\features\onboarding\presentation\view_model\onboarding_cubit.dart
DA:10,0
DA:11,0
DA:12,0
DA:20,0
DA:21,0
DA:22,0
DA:24,0
DA:29,0
DA:30,0
DA:36,0
DA:37,0
DA:40,0
DA:41,0
DA:43,0
DA:44,0
DA:45,0
DA:46,0
LF:17
LH:0
end_of_record
SF:lib\core\network\dio_error_interceptor.dart
DA:4,0
DA:6,0
DA:7,0
DA:8,0
DA:9,0
DA:10,0
DA:11,0
DA:12,0
DA:15,0
DA:16,0
DA:17,0
DA:19,0
DA:24,0
DA:25,0
DA:27,0
DA:30,0
LF:16
LH:0
end_of_record
SF:lib\features\auth\data\model\auth_hive_model.dart
DA:32,0
DA:43,0
DA:46,0
DA:59,0
DA:60,0
DA:61,0
DA:62,0
DA:63,0
DA:64,0
DA:65,0
DA:66,0
DA:67,0
DA:68,0
DA:69,0
DA:70,0
DA:75,0
DA:76,0
DA:77,0
DA:78,0
DA:79,0
DA:80,0
DA:81,0
DA:82,0
DA:83,0
DA:84,0
DA:85,0
DA:86,0
DA:90,0
DA:91,0
DA:92,0
DA:93,0
DA:94,0
DA:95,0
DA:96,0
DA:97,0
DA:98,0
DA:99,0
DA:100,0
LF:38
LH:0
end_of_record
SF:lib\features\auth\data\model\auth_hive_model.g.dart
DA:13,0
DA:15,0
DA:16,0
DA:17,0
DA:19,0
DA:20,0
DA:21,0
DA:22,0
DA:23,0
DA:24,0
DA:25,0
DA:26,0
DA:27,0
DA:28,0
DA:29,0
DA:33,0
DA:36,0
DA:37,0
DA:38,0
DA:39,0
DA:40,0
DA:41,0
DA:42,0
DA:43,0
DA:44,0
DA:45,0
DA:46,0
DA:47,0
DA:48,0
DA:49,0
DA:50,0
DA:51,0
DA:52,0
DA:53,0
DA:54,0
DA:55,0
DA:56,0
DA:59,0
DA:60,0
DA:62,0
DA:65,0
DA:66,0
DA:67,0
LF:43
LH:0
end_of_record
SF:lib\features\onboarding\presentation\view\onboarding_screen_view.dart
DA:9,1
DA:31,0
DA:33,0
DA:34,0
DA:35,0
DA:36,0
DA:37,0
DA:38,0
DA:39,0
DA:40,0
DA:41,0
DA:43,0
DA:44,0
DA:45,0
DA:46,0
DA:47,0
DA:48,0
DA:49,0
DA:50,0
DA:59,0
DA:63,0
DA:65,0
DA:66,0
DA:67,0
DA:70,0
DA:76,0
DA:77,0
DA:82,0
DA:83,0
DA:84,0
DA:99,0
DA:103,0
DA:105,0
DA:106,0
DA:107,0
DA:109,0
DA:111,0
DA:112,0
DA:113,0
DA:122,0
DA:123,0
DA:136,0
DA:140,0
DA:142,0
DA:143,0
DA:144,0
DA:145,0
DA:146,0
DA:150,0
DA:151,0
DA:159,0
DA:160,0
DA:161,0
DA:162,0
DA:163,0
DA:164,0
LF:56
LH:1
end_of_record
